[dotenv@17.3.1] injecting env (8) from .env -- tip: 🔐 encrypt with Dotenvx: https://dotenvx.com
[CRON] Notification job scheduled — runs daily at 9 AM
[dotenv@17.3.1] injecting env (0) from .env -- tip: ⚙️  write to custom object with { processEnv: myObject }
[dotenv@17.3.1] injecting env (0) from .env -- tip: ⚙️  enable debug logging with { debug: true }
Auth routes loaded
Server running on port 3000
MongoDB Connected ✅
[0mOPTIONS /api/register [32m204[0m 4.355 ms - 0[0m
[0mPOST /api/register [32m200[0m 383.044 ms - 42[0m
[0mOPTIONS /api/login [32m204[0m 0.204 ms - 0[0m
[0mPOST /api/login [32m200[0m 330.101 ms - 206[0m
[0mOPTIONS /api/send-login-alert [32m204[0m 0.267 ms - 0[0m
[0mPOST /api/send-login-alert [32m200[0m 0.645 ms - 73[0m
[0mOPTIONS /api/verify-token [32m204[0m 0.142 ms - 0[0m
[0mOPTIONS /api/verify-token [32m204[0m 0.168 ms - 0[0m
[0mGET /api/verify-token [32m200[0m 7.091 ms - 50[0m
[0mGET /api/verify-token [36m304[0m 1.617 ms - -[0m
[0mOPTIONS /api/verify-token [32m204[0m 12.089 ms - 0[0m
[0mGET /api/verify-token [36m304[0m 61.688 ms - -[0m
[0mOPTIONS /api/trips [32m204[0m 2.021 ms - 0[0m
[0mOPTIONS /api/analytics/me [32m204[0m 0.139 ms - 0[0m
[0mOPTIONS /api/trips [32m204[0m 0.412 ms - 0[0m
[0mOPTIONS /api/analytics/me [32m204[0m 0.780 ms - 0[0m
[0mGET /api/trips [32m200[0m 567.573 ms - 2[0m
[0mGET /api/trips [36m304[0m 443.511 ms - -[0m
[0mGET /api/analytics/me [32m200[0m 2442.835 ms - 76[0m
[0mGET /api/analytics/me [36m304[0m 156.491 ms - -[0m
[0mGET /api/analytics/me [36m304[0m 112.510 ms - -[0m
[0mGET /api/analytics/me [36m304[0m 100.223 ms - -[0m
[0mOPTIONS /api/verify-token [32m204[0m 0.172 ms - 0[0m
[0mOPTIONS /api/verify-token [32m204[0m 0.214 ms - 0[0m
[0mGET /api/verify-token [36m304[0m 3.806 ms - -[0m
[0mGET /api/verify-token [36m304[0m 0.749 ms - -[0m
[0mOPTIONS /api/trips [32m204[0m 0.135 ms - 0[0m
[0mOPTIONS /api/analytics/me [32m204[0m 0.211 ms - 0[0m
[0mOPTIONS /api/trips [32m204[0m 0.099 ms - 0[0m
[0mOPTIONS /api/analytics/me [32m204[0m 0.095 ms - 0[0m
[0mGET /api/trips [36m304[0m 89.076 ms - -[0m
[0mGET /api/analytics/me [36m304[0m 89.108 ms - -[0m
[0mGET /api/trips [36m304[0m 106.081 ms - -[0m
[0mGET /api/analytics/me [36m304[0m 105.344 ms - -[0m
[0mGET /api/analytics/me [36m304[0m 112.747 ms - -[0m
[0mGET /api/analytics/me [36m304[0m 111.097 ms - -[0m
[0mOPTIONS /api/verify-token [32m204[0m 0.104 ms - 0[0m
[0mOPTIONS /api/verify-token [32m204[0m 0.082 ms - 0[0m
[0mGET /api/verify-token [36m304[0m 0.666 ms - -[0m
[0mGET /api/verify-token [36m304[0m 0.965 ms - -[0m
[0mOPTIONS /api/trips [32m204[0m 0.102 ms - 0[0m
[0mOPTIONS /api/analytics/me [32m204[0m 0.098 ms - 0[0m
[0mOPTIONS /api/trips [32m204[0m 0.223 ms - 0[0m
[0mOPTIONS /api/analytics/me [32m204[0m 0.226 ms - 0[0m
[0mGET /api/trips [36m304[0m 167.039 ms - -[0m
[0mGET /api/analytics/me [36m304[0m 166.605 ms - -[0m
[0mGET /api/trips [36m304[0m 76.315 ms - -[0m
[0mGET /api/analytics/me [36m304[0m 78.094 ms - -[0m
[0mGET /api/analytics/me [36m304[0m 70.327 ms - -[0m
[0mGET /api/analytics/me [36m304[0m 77.564 ms - -[0m
[0mOPTIONS /api/trips [32m204[0m 7.464 ms - 0[0m
[0mOPTIONS /api/analytics/me [32m204[0m 0.303 ms - 0[0m
[0mOPTIONS /api/trips [32m204[0m 0.104 ms - 0[0m
[0mOPTIONS /api/analytics/me [32m204[0m 0.212 ms - 0[0m
[0mGET /api/trips [36m304[0m 222.567 ms - -[0m
[0mGET /api/trips [36m304[0m 106.688 ms - -[0m
[0mGET /api/analytics/me [36m304[0m 200.399 ms - -[0m
[0mGET /api/analytics/me [36m304[0m 132.400 ms - -[0m
[0mGET /api/analytics/me [36m304[0m 97.811 ms - -[0m
[0mGET /api/analytics/me [36m304[0m 105.812 ms - -[0m
[0mOPTIONS /api/trips [32m204[0m 1.533 ms - 0[0m
[0mGET /api/trips [36m304[0m 195.688 ms - -[0m
[0mOPTIONS /api/analytics/me [32m204[0m 0.121 ms - 0[0m
[0mGET /api/analytics/me [36m304[0m 148.192 ms - -[0m
[0mOPTIONS /api/trips [32m204[0m 4.069 ms - 0[0m
[0mGET /api/trips [36m304[0m 173.824 ms - -[0m
[0mOPTIONS /api/analytics/me [32m204[0m 0.101 ms - 0[0m
[0mGET /api/analytics/me [36m304[0m 127.393 ms - -[0m
[0mOPTIONS /api/verify-token [32m204[0m 1.340 ms - 0[0m
[0mOPTIONS /api/verify-token [32m204[0m 0.105 ms - 0[0m
[0mGET /api/verify-token [36m304[0m 60.444 ms - -[0m
[0mGET /api/verify-token [36m304[0m 2.440 ms - -[0m
[0mOPTIONS /api/trips [32m204[0m 0.394 ms - 0[0m
[0mOPTIONS /api/analytics/me [32m204[0m 0.176 ms - 0[0m
[0mOPTIONS /api/trips [32m204[0m 2.212 ms - 0[0m
[0mOPTIONS /api/analytics/me [32m204[0m 0.563 ms - 0[0m
[0mGET /api/trips [36m304[0m 145.106 ms - -[0m
[0mGET /api/analytics/me [36m304[0m 134.145 ms - -[0m
[0mGET /api/trips [36m304[0m 159.903 ms - -[0m
[0mGET /api/analytics/me [36m304[0m 159.771 ms - -[0m
[0mGET /api/analytics/me [36m304[0m 101.687 ms - -[0m
[0mGET /api/analytics/me [36m304[0m 112.063 ms - -[0m
[0mOPTIONS /api/verify-token [32m204[0m 4.936 ms - 0[0m
[0mGET /api/verify-token [36m304[0m 66.635 ms - -[0m
[0mOPTIONS /api/verify-token [32m204[0m 0.078 ms - 0[0m
[0mGET /api/verify-token [36m304[0m 2.146 ms - -[0m
[0mOPTIONS /api/trips [32m204[0m 0.101 ms - 0[0m
[0mOPTIONS /api/analytics/me [32m204[0m 0.379 ms - 0[0m
[0mOPTIONS /api/trips [32m204[0m 0.110 ms - 0[0m
[0mOPTIONS /api/analytics/me [32m204[0m 0.085 ms - 0[0m
[0mGET /api/analytics/me [36m304[0m 86.740 ms - -[0m
[0mGET /api/trips [36m304[0m 117.353 ms - -[0m
[0mGET /api/trips [36m304[0m 84.288 ms - -[0m
[0mGET /api/analytics/me [36m304[0m 95.893 ms - -[0m
[0mGET /api/analytics/me [36m304[0m 77.702 ms - -[0m
[0mGET /api/analytics/me [36m304[0m 98.798 ms - -[0m
[0mOPTIONS /api/verify-token [32m204[0m 6.656 ms - 0[0m
[0mOPTIONS /api/verify-token [32m204[0m 0.218 ms - 0[0m
[0mOPTIONS /api/route/optimize [32m204[0m 3.252 ms - 0[0m
[0mPOST /api/route/optimize [32m200[0m 252.000 ms - 64[0m
[0mGET /api/places/patna [33m404[0m 67.832 ms - 41[0m
[0mOPTIONS /api/verify-token [32m204[0m 0.219 ms - 0[0m
[0mOPTIONS /api/verify-token [32m204[0m 0.385 ms - 0[0m
[0mGET /api/verify-token [36m304[0m 48.163 ms - -[0m
[0mGET /api/verify-token [36m304[0m 0.769 ms - -[0m
[0mGET /api/places/patna [33m404[0m 48.582 ms - 41[0m
[0mGET / [32m200[0m 23.256 ms - 36[0m
[0mGET /api/places/patna [33m404[0m 55.937 ms - 41[0m
[0mGET /api/places/patna [33m404[0m 7.759 ms - 41[0m
[0mGET /api/places/delhi [33m404[0m 9.480 ms - 41[0m
[0mGET /api/places/delhi [33m404[0m 7.176 ms - 41[0m
[0mGET /api/places/delhi [33m404[0m 10.705 ms - 41[0m
[0mGET /api/places/delhi [33m404[0m 9.051 ms - 41[0m
[0mGET / [36m304[0m 3.700 ms - -[0m
[0mOPTIONS /api/trips [32m204[0m 3.707 ms - 0[0m
[0mOPTIONS /api/analytics/me [32m204[0m 0.377 ms - 0[0m
[0mOPTIONS /api/trips [32m204[0m 0.130 ms - 0[0m
[0mOPTIONS /api/analytics/me [32m204[0m 0.085 ms - 0[0m
[0mGET /api/trips [36m304[0m 227.972 ms - -[0m
[0mGET /api/analytics/me [36m304[0m 113.690 ms - -[0m
[0mGET /api/trips [36m304[0m 83.699 ms - -[0m
[0mGET /api/analytics/me [36m304[0m 74.059 ms - -[0m
[0mGET /api/analytics/me [36m304[0m 89.831 ms - -[0m
[0mGET /api/analytics/me [36m304[0m 74.052 ms - -[0m
[0mGET /api/weather/Patna [33m404[0m 102.683 ms - 52[0m
[0mGET /api/places/Patna [33m404[0m 32.751 ms - 41[0m
[0mOPTIONS /api/route/optimize [32m204[0m 1.782 ms - 0[0m
[0mPOST /api/route/optimize [32m200[0m 7.092 ms - 94[0m
[0mOPTIONS /api/verify-token [32m204[0m 0.078 ms - 0[0m
[0mOPTIONS /api/verify-token [32m204[0m 0.092 ms - 0[0m
[0mGET /api/verify-token [36m304[0m 13.540 ms - -[0m
[0mGET /api/verify-token [36m304[0m 0.672 ms - -[0m
[0mOPTIONS /api/trips [32m204[0m 0.192 ms - 0[0m
[0mOPTIONS /api/analytics/me [32m204[0m 0.216 ms - 0[0m
[0mOPTIONS /api/trips [32m204[0m 0.156 ms - 0[0m
[0mOPTIONS /api/analytics/me [32m204[0m 0.120 ms - 0[0m
[0mGET /api/trips [36m304[0m 91.485 ms - -[0m
[0mGET /api/analytics/me [36m304[0m 81.148 ms - -[0m
[0mGET /api/trips [36m304[0m 77.755 ms - -[0m
[0mGET /api/analytics/me [36m304[0m 72.406 ms - -[0m
[0mGET /api/analytics/me [36m304[0m 69.152 ms - -[0m
[0mGET /api/analytics/me [36m304[0m 66.728 ms - -[0m
[0mOPTIONS /api/analytics/me [32m204[0m 0.596 ms - 0[0m
[0mOPTIONS /api/analytics/me [32m204[0m 0.135 ms - 0[0m
[0mGET /api/analytics/me [33m401[0m 16.573 ms - 25[0m
[0mGET /api/analytics/me [33m401[0m 1.124 ms - 25[0m
[0mGET /api/analytics/me [33m401[0m 2.726 ms - 25[0m
[0mGET /api/analytics/me [33m401[0m 2.355 ms - 25[0m
[0mOPTIONS /api/trips [32m204[0m 0.177 ms - 0[0m
[0mOPTIONS /api/analytics/me [32m204[0m 0.094 ms - 0[0m
[0mOPTIONS /api/trips [32m204[0m 0.376 ms - 0[0m
[0mOPTIONS /api/analytics/me [32m204[0m 0.151 ms - 0[0m
[0mGET /api/analytics/me [36m304[0m 83.500 ms - -[0m
[0mGET /api/trips [36m304[0m 97.413 ms - -[0m
[0mGET /api/analytics/me [36m304[0m 83.252 ms - -[0m
[0mGET /api/trips [36m304[0m 118.006 ms - -[0m
[0mGET /api/analytics/me [36m304[0m 150.308 ms - -[0m
[0mGET /api/analytics/me [36m304[0m 110.546 ms - -[0m
[0mOPTIONS /api/analytics/me [32m204[0m 0.131 ms - 0[0m
[0mOPTIONS /api/analytics/me [32m204[0m 0.098 ms - 0[0m
[0mGET /api/analytics/me [33m401[0m 1.065 ms - 25[0m
[0mGET /api/analytics/me [33m401[0m 1.203 ms - 25[0m
[0mOPTIONS /api/trips [32m204[0m 0.174 ms - 0[0m
[0mOPTIONS /api/analytics/me [32m204[0m 0.107 ms - 0[0m
[0mOPTIONS /api/trips [32m204[0m 0.187 ms - 0[0m
[0mOPTIONS /api/analytics/me [32m204[0m 0.198 ms - 0[0m
[0mGET /api/trips [36m304[0m 73.635 ms - -[0m
[0mGET /api/analytics/me [36m304[0m 74.782 ms - -[0m
[0mGET /api/trips [36m304[0m 64.569 ms - -[0m
[0mGET /api/analytics/me [36m304[0m 73.389 ms - -[0m
[0mGET /api/analytics/me [36m304[0m 67.434 ms - -[0m
[0mGET /api/analytics/me [36m304[0m 93.577 ms - -[0m
[0mOPTIONS /api/verify-token [32m204[0m 0.124 ms - 0[0m
[0mOPTIONS /api/verify-token [32m204[0m 0.123 ms - 0[0m
[0mGET /api/verify-token [36m304[0m 0.709 ms - -[0m
[0mGET /api/verify-token [36m304[0m 0.838 ms - -[0m
[0mOPTIONS /api/trips [32m204[0m 0.143 ms - 0[0m
[0mOPTIONS /api/analytics/me [32m204[0m 0.105 ms - 0[0m
[0mOPTIONS /api/trips [32m204[0m 0.071 ms - 0[0m
[0mOPTIONS /api/analytics/me [32m204[0m 0.110 ms - 0[0m
[0mGET /api/trips [36m304[0m 79.883 ms - -[0m
[0mGET /api/analytics/me [36m304[0m 100.938 ms - -[0m
[0mGET /api/trips [36m304[0m 75.028 ms - -[0m
[0mGET /api/analytics/me [36m304[0m 88.960 ms - -[0m
[0mGET /api/analytics/me [36m304[0m 72.850 ms - -[0m
[0mGET /api/analytics/me [36m304[0m 71.496 ms - -[0m
